<?xml version='1.0'?>
<ns2:test-suite xmlns:ns2='urn:model.allure.qatools.yandex.ru' start='1579410267790' stop='1579410280690'>
    <name>ActiTime</name>
    <title>ActiTime</title>
    <test-cases>
        <test-case start='1579410267792' status='failed' stop='1579410274683'>
            <name>Should error message come</name>
            <title>Should error message come</title>
            <labels/>
            <parameters/>
            <steps/>
            <attachments/>
            <failure>
                <message>TypeError: Buffer.form is not a constructor</message>
                <stack-trace>TypeError: Buffer.form is not a constructor
                    at E:\ankit data\Protractor\New-Framework\conf.js:54:18
                    at E:\ankit data\Protractor\New-Framework\node_modules\allure-js-commons\runtime.js:44:34
                    at E:\ankit data\Protractor\New-Framework\conf.js:55:24
                    at ManagedPromise.invokeCallback_ (C:\Users\Admin\AppData\Roaming\npm\node_modules\protractor\node_modules\selenium-webdriver\lib\promise.js:1376:14)
                    at TaskQueue.execute_ (C:\Users\Admin\AppData\Roaming\npm\node_modules\protractor\node_modules\selenium-webdriver\lib\promise.js:3084:14)
                    at TaskQueue.executeNext_ (C:\Users\Admin\AppData\Roaming\npm\node_modules\protractor\node_modules\selenium-webdriver\lib\promise.js:3067:27)
                    at C:\Users\Admin\AppData\Roaming\npm\node_modules\protractor\node_modules\selenium-webdriver\lib\promise.js:2927:27
                    at C:\Users\Admin\AppData\Roaming\npm\node_modules\protractor\node_modules\selenium-webdriver\lib\promise.js:668:7
                    at processTicksAndRejections (internal/process/task_queues.js:97:5)</stack-trace>
            </failure>
        </test-case>
        <test-case start='1579410274684' status='failed' stop='1579410280686'>
            <name>Should able to login with valid password</name>
            <title>Should able to login with valid password</title>
            <labels/>
            <parameters/>
            <steps/>
            <attachments/>
            <failure>
                <message>TypeError: Buffer.form is not a constructor</message>
                <stack-trace>TypeError: Buffer.form is not a constructor
                    at E:\ankit data\Protractor\New-Framework\conf.js:54:18
                    at E:\ankit data\Protractor\New-Framework\node_modules\allure-js-commons\runtime.js:44:34
                    at E:\ankit data\Protractor\New-Framework\conf.js:55:24
                    at ManagedPromise.invokeCallback_ (C:\Users\Admin\AppData\Roaming\npm\node_modules\protractor\node_modules\selenium-webdriver\lib\promise.js:1376:14)
                    at TaskQueue.execute_ (C:\Users\Admin\AppData\Roaming\npm\node_modules\protractor\node_modules\selenium-webdriver\lib\promise.js:3084:14)
                    at TaskQueue.executeNext_ (C:\Users\Admin\AppData\Roaming\npm\node_modules\protractor\node_modules\selenium-webdriver\lib\promise.js:3067:27)
                    at C:\Users\Admin\AppData\Roaming\npm\node_modules\protractor\node_modules\selenium-webdriver\lib\promise.js:2927:27
                    at C:\Users\Admin\AppData\Roaming\npm\node_modules\protractor\node_modules\selenium-webdriver\lib\promise.js:668:7
                    at processTicksAndRejections (internal/process/task_queues.js:97:5)</stack-trace>
            </failure>
        </test-case>
    </test-cases>
</ns2:test-suite>