<?xml version='1.0'?>
<ns2:test-suite xmlns:ns2='urn:model.allure.qatools.yandex.ru' start='1579410310452' stop='1579410323274'>
    <name>ActiTime</name>
    <title>ActiTime</title>
    <test-cases>
        <test-case start='1579410310454' status='failed' stop='1579410317510'>
            <name>Should error message come</name>
            <title>Should error message come</title>
            <labels/>
            <parameters/>
            <steps/>
            <attachments/>
            <failure>
                <message>TypeError: The "size" argument must be of type number. Received type string ('iVBORw0KGgoAAAANSUhEUgAA...)</message>
                <stack-trace>TypeError [ERR_INVALID_ARG_TYPE] [ERR_INVALID_ARG_TYPE]: The "size" argument must be of type number. Received type string ('iVBORw0KGgoAAAANSUhEUgAA...)
                    at new alloc (buffer.js:353:3)
                    at E:\ankit data\Protractor\New-Framework\conf.js:54:18
                    at E:\ankit data\Protractor\New-Framework\node_modules\allure-js-commons\runtime.js:44:34
                    at E:\ankit data\Protractor\New-Framework\conf.js:55:24
                    at ManagedPromise.invokeCallback_ (C:\Users\Admin\AppData\Roaming\npm\node_modules\protractor\node_modules\selenium-webdriver\lib\promise.js:1376:14)
                    at TaskQueue.execute_ (C:\Users\Admin\AppData\Roaming\npm\node_modules\protractor\node_modules\selenium-webdriver\lib\promise.js:3084:14)
                    at TaskQueue.executeNext_ (C:\Users\Admin\AppData\Roaming\npm\node_modules\protractor\node_modules\selenium-webdriver\lib\promise.js:3067:27)
                    at C:\Users\Admin\AppData\Roaming\npm\node_modules\protractor\node_modules\selenium-webdriver\lib\promise.js:2927:27
                    at C:\Users\Admin\AppData\Roaming\npm\node_modules\protractor\node_modules\selenium-webdriver\lib\promise.js:668:7
                    at processTicksAndRejections (internal/process/task_queues.js:97:5)</stack-trace>
            </failure>
        </test-case>
        <test-case start='1579410317510' status='failed' stop='1579410323271'>
            <name>Should able to login with valid password</name>
            <title>Should able to login with valid password</title>
            <labels/>
            <parameters/>
            <steps/>
            <attachments/>
            <failure>
                <message>TypeError: The "size" argument must be of type number. Received type string ('iVBORw0KGgoAAAANSUhEUgAA...)</message>
                <stack-trace>TypeError [ERR_INVALID_ARG_TYPE] [ERR_INVALID_ARG_TYPE]: The "size" argument must be of type number. Received type string ('iVBORw0KGgoAAAANSUhEUgAA...)
                    at new alloc (buffer.js:353:3)
                    at E:\ankit data\Protractor\New-Framework\conf.js:54:18
                    at E:\ankit data\Protractor\New-Framework\node_modules\allure-js-commons\runtime.js:44:34
                    at E:\ankit data\Protractor\New-Framework\conf.js:55:24
                    at ManagedPromise.invokeCallback_ (C:\Users\Admin\AppData\Roaming\npm\node_modules\protractor\node_modules\selenium-webdriver\lib\promise.js:1376:14)
                    at TaskQueue.execute_ (C:\Users\Admin\AppData\Roaming\npm\node_modules\protractor\node_modules\selenium-webdriver\lib\promise.js:3084:14)
                    at TaskQueue.executeNext_ (C:\Users\Admin\AppData\Roaming\npm\node_modules\protractor\node_modules\selenium-webdriver\lib\promise.js:3067:27)
                    at C:\Users\Admin\AppData\Roaming\npm\node_modules\protractor\node_modules\selenium-webdriver\lib\promise.js:2927:27
                    at C:\Users\Admin\AppData\Roaming\npm\node_modules\protractor\node_modules\selenium-webdriver\lib\promise.js:668:7
                    at processTicksAndRejections (internal/process/task_queues.js:97:5)</stack-trace>
            </failure>
        </test-case>
    </test-cases>
</ns2:test-suite>